<?xml version="1.0" encoding="UTF-8" ?>
<testsuite failures="0" time="0.251" errors="0" skipped="0" tests="1" name="nl.kennisnet.arena.formats.convert.DimensionFactoryTest">
  <properties>
    <property name="java.runtime.name" value="OpenJDK Runtime Environment"/>
    <property name="sun.boot.library.path" value="/usr/lib/jvm/java-6-openjdk/jre/lib/amd64"/>
    <property name="java.vm.version" value="20.0-b11"/>
    <property name="java.vm.vendor" value="Sun Microsystems Inc."/>
    <property name="java.vendor.url" value="http://java.sun.com/"/>
    <property name="path.separator" value=":"/>
    <property name="java.vm.name" value="OpenJDK 64-Bit Server VM"/>
    <property name="file.encoding.pkg" value="sun.io"/>
    <property name="user.country" value="US"/>
    <property name="sun.java.launcher" value="SUN_STANDARD"/>
    <property name="sun.os.patch.level" value="unknown"/>
    <property name="java.vm.specification.name" value="Java Virtual Machine Specification"/>
    <property name="user.dir" value="/home/abdullahi/workspace/arena-server"/>
    <property name="java.runtime.version" value="1.6.0_23-b23"/>
    <property name="java.awt.graphicsenv" value="sun.awt.X11GraphicsEnvironment"/>
    <property name="basedir" value="/home/abdullahi/workspace/arena-server"/>
    <property name="java.endorsed.dirs" value="/usr/lib/jvm/java-6-openjdk/jre/lib/endorsed"/>
    <property name="os.arch" value="amd64"/>
    <property name="surefire.real.class.path" value="/tmp/surefirebooter5368563992130775920.jar"/>
    <property name="java.io.tmpdir" value="/tmp"/>
    <property name="line.separator" value="
"/>
    <property name="java.vm.specification.vendor" value="Sun Microsystems Inc."/>
    <property name="os.name" value="Linux"/>
    <property name="sun.jnu.encoding" value="UTF-8"/>
    <property name="java.library.path" value="/usr/lib/jvm/java-6-openjdk/jre/lib/amd64/server:/usr/lib/jvm/java-6-openjdk/jre/lib/amd64:/usr/lib/jvm/java-6-openjdk/jre/../lib/amd64:/usr/java/packages/lib/amd64:/usr/lib/jni:/lib:/usr/lib"/>
    <property name="surefire.test.class.path" value="/home/abdullahi/workspace/arena-server/target/test-classes:/home/abdullahi/workspace/arena-server/target/classes:/home/abdullahi/.m2/repository/org/springframework/spring-core/3.0.0.RELEASE/spring-core-3.0.0.RELEASE.jar:/home/abdullahi/.m2/repository/org/springframework/spring-asm/3.0.0.RELEASE/spring-asm-3.0.0.RELEASE.jar:/home/abdullahi/.m2/repository/commons-logging/commons-logging/1.1.1/commons-logging-1.1.1.jar:/home/abdullahi/.m2/repository/org/springframework/spring-expression/3.0.0.RELEASE/spring-expression-3.0.0.RELEASE.jar:/home/abdullahi/.m2/repository/org/springframework/spring-beans/3.0.0.RELEASE/spring-beans-3.0.0.RELEASE.jar:/home/abdullahi/.m2/repository/org/springframework/spring-aop/3.0.0.RELEASE/spring-aop-3.0.0.RELEASE.jar:/home/abdullahi/.m2/repository/aopalliance/aopalliance/1.0/aopalliance-1.0.jar:/home/abdullahi/.m2/repository/org/springframework/spring-context/3.0.0.RELEASE/spring-context-3.0.0.RELEASE.jar:/home/abdullahi/.m2/repository/org/springframework/spring-context-support/3.0.0.RELEASE/spring-context-support-3.0.0.RELEASE.jar:/home/abdullahi/.m2/repository/org/springframework/spring-tx/3.0.0.RELEASE/spring-tx-3.0.0.RELEASE.jar:/home/abdullahi/.m2/repository/org/springframework/spring-jdbc/3.0.0.RELEASE/spring-jdbc-3.0.0.RELEASE.jar:/home/abdullahi/.m2/repository/org/springframework/spring-orm/3.0.0.RELEASE/spring-orm-3.0.0.RELEASE.jar:/home/abdullahi/.m2/repository/org/springframework/spring-oxm/3.0.0.RELEASE/spring-oxm-3.0.0.RELEASE.jar:/home/abdullahi/.m2/repository/org/springframework/spring-web/3.0.0.RELEASE/spring-web-3.0.0.RELEASE.jar:/home/abdullahi/.m2/repository/org/springframework/spring-webmvc/3.0.0.RELEASE/spring-webmvc-3.0.0.RELEASE.jar:/home/abdullahi/.m2/repository/org/springframework/spring-test/3.0.0.RELEASE/spring-test-3.0.0.RELEASE.jar:/home/abdullahi/.m2/repository/org/hibernate/hibernate-annotations/3.5.6-Final/hibernate-annotations-3.5.6-Final.jar:/home/abdullahi/.m2/repository/org/hibernate/hibernate-core/3.5.6-Final/hibernate-core-3.5.6-Final.jar:/home/abdullahi/.m2/repository/antlr/antlr/2.7.6/antlr-2.7.6.jar:/home/abdullahi/.m2/repository/commons-collections/commons-collections/3.2.1/commons-collections-3.2.1.jar:/home/abdullahi/.m2/repository/dom4j/dom4j/1.6.1/dom4j-1.6.1.jar:/home/abdullahi/.m2/repository/xml-apis/xml-apis/1.0.b2/xml-apis-1.0.b2.jar:/home/abdullahi/.m2/repository/org/slf4j/slf4j-api/1.5.6/slf4j-api-1.5.6.jar:/home/abdullahi/.m2/repository/org/hibernate/hibernate-commons-annotations/3.2.0.Final/hibernate-commons-annotations-3.2.0.Final.jar:/home/abdullahi/.m2/repository/org/hibernate/javax/persistence/hibernate-jpa-2.0-api/1.0.0.Final/hibernate-jpa-2.0-api-1.0.0.Final.jar:/home/abdullahi/.m2/repository/postgresql/postgresql/8.4-701.jdbc4/postgresql-8.4-701.jdbc4.jar:/home/abdullahi/.m2/repository/org/slf4j/slf4j-simple/1.5.6/slf4j-simple-1.5.6.jar:/home/abdullahi/.m2/repository/org/slf4j/jcl-over-slf4j/1.5.6/jcl-over-slf4j-1.5.6.jar:/home/abdullahi/.m2/repository/javax/transaction/jta/1.1/jta-1.1.jar:/home/abdullahi/.m2/repository/com/google/gwt/gwt-servlet/1.7.1/gwt-servlet-1.7.1.jar:/home/abdullahi/.m2/repository/com/google/gwt/gwt-user/1.7.1/gwt-user-1.7.1.jar:/home/abdullahi/.m2/repository/net/sf/gwt-widget/gwt-sl/0.1.5/gwt-sl-0.1.5.jar:/home/abdullahi/.m2/repository/com/google/gwt/google-apis/gwt-maps/1.0.4/gwt-maps-1.0.4.jar:/home/abdullahi/.m2/repository/org/hibernatespatial/hibernate-spatial-postgis/1.0/hibernate-spatial-postgis-1.0.jar:/home/abdullahi/.m2/repository/org/hibernatespatial/hibernate-spatial/1.0/hibernate-spatial-1.0.jar:/home/abdullahi/.m2/repository/com/vividsolutions/jts/1.10/jts-1.10.jar:/home/abdullahi/.m2/repository/javassist/javassist/3.11.0.GA/javassist-3.11.0.GA.jar:/home/abdullahi/.m2/repository/org/postgis/postgis-jdbc/1.3.3/postgis-jdbc-1.3.3.jar:/home/abdullahi/.m2/repository/org/postgis/postgis-stubs/1.3.3/postgis-stubs-1.3.3.jar:/home/abdullahi/.m2/repository/cglib/cglib/2.2/cglib-2.2.jar:/home/abdullahi/.m2/repository/asm/asm/3.1/asm-3.1.jar:/home/abdullahi/.m2/repository/junit/junit/4.5/junit-4.5.jar:/home/abdullahi/.m2/repository/javax/mail/mail/1.4/mail-1.4.jar:/home/abdullahi/.m2/repository/javax/activation/activation/1.1/activation-1.1.jar:/home/abdullahi/.m2/repository/commons-fileupload/commons-fileupload/1.2.1/commons-fileupload-1.2.1.jar:/home/abdullahi/.m2/repository/commons-io/commons-io/1.3.2/commons-io-1.3.2.jar:/home/abdullahi/.m2/repository/com/lowagie/itext/2.1.7/itext-2.1.7.jar:/home/abdullahi/.m2/repository/bouncycastle/bcmail-jdk14/138/bcmail-jdk14-138.jar:/home/abdullahi/.m2/repository/bouncycastle/bcprov-jdk14/138/bcprov-jdk14-138.jar:/home/abdullahi/.m2/repository/org/bouncycastle/bctsp-jdk14/1.38/bctsp-jdk14-1.38.jar:/home/abdullahi/.m2/repository/org/bouncycastle/bcprov-jdk14/1.38/bcprov-jdk14-1.38.jar:/home/abdullahi/.m2/repository/org/bouncycastle/bcmail-jdk14/1.38/bcmail-jdk14-1.38.jar:/home/abdullahi/.m2/repository/log4j/log4j/1.2.14/log4j-1.2.14.jar:/home/abdullahi/.m2/repository/commons-lang/commons-lang/2.4/commons-lang-2.4.jar:/home/abdullahi/.m2/repository/commons-configuration/commons-configuration/1.6/commons-configuration-1.6.jar:/home/abdullahi/.m2/repository/commons-digester/commons-digester/1.8/commons-digester-1.8.jar:/home/abdullahi/.m2/repository/commons-beanutils/commons-beanutils/1.7.0/commons-beanutils-1.7.0.jar:/home/abdullahi/.m2/repository/commons-beanutils/commons-beanutils-core/1.8.0/commons-beanutils-core-1.8.0.jar:/home/abdullahi/.m2/repository/com/google/collections/google-collections/1.0-rc2/google-collections-1.0-rc2.jar:/home/abdullahi/.m2/repository/taglibs/standard/1.1.2/standard-1.1.2.jar:/home/abdullahi/.m2/repository/javax/servlet/jstl/1.1.2/jstl-1.1.2.jar:/home/abdullahi/.m2/repository/org/apache/httpcomponents/httpclient/4.0.1/httpclient-4.0.1.jar:/home/abdullahi/.m2/repository/org/apache/httpcomponents/httpcore/4.0.1/httpcore-4.0.1.jar:/home/abdullahi/.m2/repository/commons-codec/commons-codec/1.3/commons-codec-1.3.jar:/home/abdullahi/.m2/repository/org/apache/httpcomponents/httpmime/4.0.1/httpmime-4.0.1.jar:/home/abdullahi/.m2/repository/org/apache/james/apache-mime4j/0.6/apache-mime4j-0.6.jar:"/>
    <property name="java.specification.name" value="Java Platform API Specification"/>
    <property name="java.class.version" value="50.0"/>
    <property name="sun.management.compiler" value="HotSpot 64-Bit Tiered Compilers"/>
    <property name="os.version" value="3.0.0-12-generic"/>
    <property name="user.home" value="/home/abdullahi"/>
    <property name="user.timezone" value=""/>
    <property name="java.awt.printerjob" value="sun.print.PSPrinterJob"/>
    <property name="file.encoding" value="UTF-8"/>
    <property name="java.specification.version" value="1.6"/>
    <property name="user.name" value="abdullahi"/>
    <property name="java.class.path" value="/home/abdullahi/workspace/arena-server/target/test-classes:/home/abdullahi/workspace/arena-server/target/classes:/home/abdullahi/.m2/repository/org/springframework/spring-core/3.0.0.RELEASE/spring-core-3.0.0.RELEASE.jar:/home/abdullahi/.m2/repository/org/springframework/spring-asm/3.0.0.RELEASE/spring-asm-3.0.0.RELEASE.jar:/home/abdullahi/.m2/repository/commons-logging/commons-logging/1.1.1/commons-logging-1.1.1.jar:/home/abdullahi/.m2/repository/org/springframework/spring-expression/3.0.0.RELEASE/spring-expression-3.0.0.RELEASE.jar:/home/abdullahi/.m2/repository/org/springframework/spring-beans/3.0.0.RELEASE/spring-beans-3.0.0.RELEASE.jar:/home/abdullahi/.m2/repository/org/springframework/spring-aop/3.0.0.RELEASE/spring-aop-3.0.0.RELEASE.jar:/home/abdullahi/.m2/repository/aopalliance/aopalliance/1.0/aopalliance-1.0.jar:/home/abdullahi/.m2/repository/org/springframework/spring-context/3.0.0.RELEASE/spring-context-3.0.0.RELEASE.jar:/home/abdullahi/.m2/repository/org/springframework/spring-context-support/3.0.0.RELEASE/spring-context-support-3.0.0.RELEASE.jar:/home/abdullahi/.m2/repository/org/springframework/spring-tx/3.0.0.RELEASE/spring-tx-3.0.0.RELEASE.jar:/home/abdullahi/.m2/repository/org/springframework/spring-jdbc/3.0.0.RELEASE/spring-jdbc-3.0.0.RELEASE.jar:/home/abdullahi/.m2/repository/org/springframework/spring-orm/3.0.0.RELEASE/spring-orm-3.0.0.RELEASE.jar:/home/abdullahi/.m2/repository/org/springframework/spring-oxm/3.0.0.RELEASE/spring-oxm-3.0.0.RELEASE.jar:/home/abdullahi/.m2/repository/org/springframework/spring-web/3.0.0.RELEASE/spring-web-3.0.0.RELEASE.jar:/home/abdullahi/.m2/repository/org/springframework/spring-webmvc/3.0.0.RELEASE/spring-webmvc-3.0.0.RELEASE.jar:/home/abdullahi/.m2/repository/org/springframework/spring-test/3.0.0.RELEASE/spring-test-3.0.0.RELEASE.jar:/home/abdullahi/.m2/repository/org/hibernate/hibernate-annotations/3.5.6-Final/hibernate-annotations-3.5.6-Final.jar:/home/abdullahi/.m2/repository/org/hibernate/hibernate-core/3.5.6-Final/hibernate-core-3.5.6-Final.jar:/home/abdullahi/.m2/repository/antlr/antlr/2.7.6/antlr-2.7.6.jar:/home/abdullahi/.m2/repository/commons-collections/commons-collections/3.2.1/commons-collections-3.2.1.jar:/home/abdullahi/.m2/repository/dom4j/dom4j/1.6.1/dom4j-1.6.1.jar:/home/abdullahi/.m2/repository/xml-apis/xml-apis/1.0.b2/xml-apis-1.0.b2.jar:/home/abdullahi/.m2/repository/org/slf4j/slf4j-api/1.5.6/slf4j-api-1.5.6.jar:/home/abdullahi/.m2/repository/org/hibernate/hibernate-commons-annotations/3.2.0.Final/hibernate-commons-annotations-3.2.0.Final.jar:/home/abdullahi/.m2/repository/org/hibernate/javax/persistence/hibernate-jpa-2.0-api/1.0.0.Final/hibernate-jpa-2.0-api-1.0.0.Final.jar:/home/abdullahi/.m2/repository/postgresql/postgresql/8.4-701.jdbc4/postgresql-8.4-701.jdbc4.jar:/home/abdullahi/.m2/repository/org/slf4j/slf4j-simple/1.5.6/slf4j-simple-1.5.6.jar:/home/abdullahi/.m2/repository/org/slf4j/jcl-over-slf4j/1.5.6/jcl-over-slf4j-1.5.6.jar:/home/abdullahi/.m2/repository/javax/transaction/jta/1.1/jta-1.1.jar:/home/abdullahi/.m2/repository/com/google/gwt/gwt-servlet/1.7.1/gwt-servlet-1.7.1.jar:/home/abdullahi/.m2/repository/com/google/gwt/gwt-user/1.7.1/gwt-user-1.7.1.jar:/home/abdullahi/.m2/repository/net/sf/gwt-widget/gwt-sl/0.1.5/gwt-sl-0.1.5.jar:/home/abdullahi/.m2/repository/com/google/gwt/google-apis/gwt-maps/1.0.4/gwt-maps-1.0.4.jar:/home/abdullahi/.m2/repository/org/hibernatespatial/hibernate-spatial-postgis/1.0/hibernate-spatial-postgis-1.0.jar:/home/abdullahi/.m2/repository/org/hibernatespatial/hibernate-spatial/1.0/hibernate-spatial-1.0.jar:/home/abdullahi/.m2/repository/com/vividsolutions/jts/1.10/jts-1.10.jar:/home/abdullahi/.m2/repository/javassist/javassist/3.11.0.GA/javassist-3.11.0.GA.jar:/home/abdullahi/.m2/repository/org/postgis/postgis-jdbc/1.3.3/postgis-jdbc-1.3.3.jar:/home/abdullahi/.m2/repository/org/postgis/postgis-stubs/1.3.3/postgis-stubs-1.3.3.jar:/home/abdullahi/.m2/repository/cglib/cglib/2.2/cglib-2.2.jar:/home/abdullahi/.m2/repository/asm/asm/3.1/asm-3.1.jar:/home/abdullahi/.m2/repository/junit/junit/4.5/junit-4.5.jar:/home/abdullahi/.m2/repository/javax/mail/mail/1.4/mail-1.4.jar:/home/abdullahi/.m2/repository/javax/activation/activation/1.1/activation-1.1.jar:/home/abdullahi/.m2/repository/commons-fileupload/commons-fileupload/1.2.1/commons-fileupload-1.2.1.jar:/home/abdullahi/.m2/repository/commons-io/commons-io/1.3.2/commons-io-1.3.2.jar:/home/abdullahi/.m2/repository/com/lowagie/itext/2.1.7/itext-2.1.7.jar:/home/abdullahi/.m2/repository/bouncycastle/bcmail-jdk14/138/bcmail-jdk14-138.jar:/home/abdullahi/.m2/repository/bouncycastle/bcprov-jdk14/138/bcprov-jdk14-138.jar:/home/abdullahi/.m2/repository/org/bouncycastle/bctsp-jdk14/1.38/bctsp-jdk14-1.38.jar:/home/abdullahi/.m2/repository/org/bouncycastle/bcprov-jdk14/1.38/bcprov-jdk14-1.38.jar:/home/abdullahi/.m2/repository/org/bouncycastle/bcmail-jdk14/1.38/bcmail-jdk14-1.38.jar:/home/abdullahi/.m2/repository/log4j/log4j/1.2.14/log4j-1.2.14.jar:/home/abdullahi/.m2/repository/commons-lang/commons-lang/2.4/commons-lang-2.4.jar:/home/abdullahi/.m2/repository/commons-configuration/commons-configuration/1.6/commons-configuration-1.6.jar:/home/abdullahi/.m2/repository/commons-digester/commons-digester/1.8/commons-digester-1.8.jar:/home/abdullahi/.m2/repository/commons-beanutils/commons-beanutils/1.7.0/commons-beanutils-1.7.0.jar:/home/abdullahi/.m2/repository/commons-beanutils/commons-beanutils-core/1.8.0/commons-beanutils-core-1.8.0.jar:/home/abdullahi/.m2/repository/com/google/collections/google-collections/1.0-rc2/google-collections-1.0-rc2.jar:/home/abdullahi/.m2/repository/taglibs/standard/1.1.2/standard-1.1.2.jar:/home/abdullahi/.m2/repository/javax/servlet/jstl/1.1.2/jstl-1.1.2.jar:/home/abdullahi/.m2/repository/org/apache/httpcomponents/httpclient/4.0.1/httpclient-4.0.1.jar:/home/abdullahi/.m2/repository/org/apache/httpcomponents/httpcore/4.0.1/httpcore-4.0.1.jar:/home/abdullahi/.m2/repository/commons-codec/commons-codec/1.3/commons-codec-1.3.jar:/home/abdullahi/.m2/repository/org/apache/httpcomponents/httpmime/4.0.1/httpmime-4.0.1.jar:/home/abdullahi/.m2/repository/org/apache/james/apache-mime4j/0.6/apache-mime4j-0.6.jar:"/>
    <property name="java.vm.specification.version" value="1.0"/>
    <property name="sun.arch.data.model" value="64"/>
    <property name="java.home" value="/usr/lib/jvm/java-6-openjdk/jre"/>
    <property name="sun.java.command" value="/tmp/surefirebooter5368563992130775920.jar /tmp/surefire7564264773322969983tmp /tmp/surefire3661942845015269193tmp"/>
    <property name="java.specification.vendor" value="Sun Microsystems Inc."/>
    <property name="user.language" value="en"/>
    <property name="java.vm.info" value="mixed mode"/>
    <property name="java.version" value="1.6.0_23"/>
    <property name="java.ext.dirs" value="/usr/lib/jvm/java-6-openjdk/jre/lib/ext:/usr/java/packages/lib/ext"/>
    <property name="sun.boot.class.path" value="/usr/lib/jvm/java-6-openjdk/jre/lib/resources.jar:/usr/lib/jvm/java-6-openjdk/jre/lib/rt.jar:/usr/lib/jvm/java-6-openjdk/jre/lib/sunrsasign.jar:/usr/lib/jvm/java-6-openjdk/jre/lib/jsse.jar:/usr/lib/jvm/java-6-openjdk/jre/lib/jce.jar:/usr/lib/jvm/java-6-openjdk/jre/lib/charsets.jar:/usr/lib/jvm/java-6-openjdk/jre/lib/netx.jar:/usr/lib/jvm/java-6-openjdk/jre/lib/plugin.jar:/usr/lib/jvm/java-6-openjdk/jre/lib/rhino.jar:/usr/lib/jvm/java-6-openjdk/jre/lib/modules/jdk.boot.jar:/usr/lib/jvm/java-6-openjdk/jre/classes"/>
    <property name="java.vendor" value="Sun Microsystems Inc."/>
    <property name="localRepository" value="/home/abdullahi/.m2/repository"/>
    <property name="file.separator" value="/"/>
    <property name="java.vendor.url.bug" value="http://java.sun.com/cgi-bin/bugreport.cgi"/>
    <property name="sun.cpu.endian" value="little"/>
    <property name="sun.io.unicode.encoding" value="UnicodeLittle"/>
    <property name="sun.desktop" value="gnome"/>
    <property name="sun.cpu.isalist" value=""/>
  </properties>
  <testcase time="0.226" classname="nl.kennisnet.arena.formats.convert.DimensionFactoryTest" name="testGetInstance"/>
</testsuite>